<?xml version="1.0" encoding="UTF-8"?>
<!-- Generated by org.testng.reporters.JUnitXMLReporter -->
<testsuite hostname="DESKTOP-2H134C0" ignored="3" name="SmokeTest" tests="4" failures="0" timestamp="14 Feb 2022 22:30:23 GMT" time="75.861" errors="0">
  <testcase name="shopTest" time="17.599" classname="com.qa.verizon.shop.ShopTest"/>
  <testcase name="signInTestWithDataProvider" time="14.725" classname="com.qa.verizon.signin.SignInTestClass"/>
  <testcase name="signInTestWithDataProvider" time="14.418" classname="com.qa.verizon.signin.SignInTestClass"/>
  <testcase name="signInTestWithExcel" time="0.0" classname="com.qa.verizon.signin.SignInTestClass">
    <skipped/>
  </testcase> <!-- signInTestWithExcel -->
  <testcase name="@BeforeSuite initiatingExtentReports" time="0.0" classname="verizon.qa.base.BaseClass">
    <ignored/>
  </testcase> <!-- @BeforeSuite initiatingExtentReports -->
  <testcase name="@AfterSuite endReport" time="0.0" classname="verizon.qa.base.BaseClass">
    <ignored/>
  </testcase> <!-- @AfterSuite endReport -->
  <testcase name="pageTest" time="0.0" classname="com.qa.verizon.signin.SignInTestClass">
    <ignored/>
  </testcase> <!-- pageTest -->
</testsuite> <!-- SmokeTest -->
