<?xml version="1.0" encoding="UTF-8"?>
<!-- Generated by org.testng.reporters.JUnitXMLReporter -->
<testsuite hostname="DESKTOP-2H134C0" ignored="4" name="SmokeTest" tests="2" failures="1" timestamp="16 Feb 2022 21:23:55 GMT" time="97.425" errors="0">
  <testcase name="shopTest" time="48.156" classname="com.qa.verizon.shop.ShopTest"/>
  <testcase name="pageTest" time="17.435" classname="com.qa.verizon.signin.SignInTestClass">
    <failure type="java.lang.AssertionError" message="expected [] but found [Verify your Identity]">
      <![CDATA[java.lang.AssertionError: expected [] but found [Verify your Identity]
at verizon.qa.common.CommonMethods.getText(CommonMethods.java:45)
at verizon.qa.pages.VerifyIdentityPage.getVerifyText(VerifyIdentityPage.java:30)
at verizon.qa.pages.VerifyIdentityPage.verifyIdentityPageSteps(VerifyIdentityPage.java:53)
at com.qa.verizon.signin.SignInTestClass.pageTest(SignInTestClass.java:53)
... Removed 31 stack frames]]>
    </failure>
  </testcase> <!-- pageTest -->
  <testcase name="signInTestWithDataProvider" time="0.0" classname="com.qa.verizon.signin.SignInTestClass">
    <ignored/>
  </testcase> <!-- signInTestWithDataProvider -->
  <testcase name="@BeforeSuite initiatingExtentReports" time="0.0" classname="verizon.qa.base.BaseClass">
    <ignored/>
  </testcase> <!-- @BeforeSuite initiatingExtentReports -->
  <testcase name="@AfterSuite endReport" time="0.0" classname="verizon.qa.base.BaseClass">
    <ignored/>
  </testcase> <!-- @AfterSuite endReport -->
  <testcase name="signInTestWithExcel" time="0.0" classname="com.qa.verizon.signin.SignInTestClass">
    <ignored/>
  </testcase> <!-- signInTestWithExcel -->
</testsuite> <!-- SmokeTest -->
