<?xml version="1.0" encoding="UTF-8"?>
<testng-results skipped="1" failed="0" ignored="3" total="7" passed="3">
  <reporter-output>
    <line>
      <![CDATA[[[ChromeDriver: chrome on WINDOWS (74da950ab3e879b7b16ccf59e64d0ca4)] -> xpath: //button[@id='gnav20-Shop-L1' and @class='gnav20-menu-label gnav20-menu-label-button gnav20-haschild']]Clicked]]>
    </line>
    <line>
      <![CDATA[[[ChromeDriver: chrome on WINDOWS (74da950ab3e879b7b16ccf59e64d0ca4)] -> xpath: //a[@id='gnav20-Shop-L2-2']//parent::li]Clicked]]>
    </line>
    <line>
      <![CDATA[[[ChromeDriver: chrome on WINDOWS (74da950ab3e879b7b16ccf59e64d0ca4)] -> id: gnav20-Shop-L3-38]Clicked]]>
    </line>
    <line>
      <![CDATA[[[ChromeDriver: chrome on WINDOWS (74da950ab3e879b7b16ccf59e64d0ca4)] -> xpath: (//span[contains( .,'Apple')])[3]]Clicked]]>
    </line>
    <line>
      <![CDATA[Scrolling down to  0 to 250 pixel )]]>
    </line>
    <line>
      <![CDATA[Scrolling up to 250 to 0 pixel]]>
    </line>
    <line>
      <![CDATA[Scrolling down to  0 to 250 pixel )]]>
    </line>
    <line>
      <![CDATA[Proxy element for: DefaultElementLocator 'By.xpath: //span[contains(.,'Apple iPhone 8 Plus (Certified Pre-Owned)')]'Clicked]]>
    </line>
    <line>
      <![CDATA[Verify your Identity]]>
    </line>
    <line>
      <![CDATA[Verify your Identity]]>
    </line>
    <line>
      <![CDATA[[[ChromeDriver: chrome on WINDOWS (6045ea7e9d98b23070d2cd452e1819fe)] -> xpath: (//span[normalize-space(text())='Sign in'])[1]]Clicked]]>
    </line>
    <line>
      <![CDATA[[[ChromeDriver: chrome on WINDOWS (6045ea7e9d98b23070d2cd452e1819fe)] -> xpath: //a[@id='gnav20-sign-id-list-item-3' and @class='gnav20-dropdown-list-item']]Clicked]]>
    </line>
    <line>
      <![CDATA[Proxy element for: DefaultElementLocator 'By.xpath: //button[@class='btn-lg btn-common btn-black']'Clicked]]>
    </line>
    <line>
      <![CDATA[Actual value :Verify your Identity expected value is Verify your Identity]]>
    </line>
    <line>
      <![CDATA[emailhas been selected  for the element[[ChromeDriver: chrome on WINDOWS (6045ea7e9d98b23070d2cd452e1819fe)] -> xpath: //select[@id='authType']]]]>
    </line>
    <line>
      <![CDATA[[[ChromeDriver: chrome on WINDOWS (6045ea7e9d98b23070d2cd452e1819fe)] -> id: email]Text value enteredkamrunnaharkanta@gmail]]>
    </line>
    <line>
      <![CDATA[[[ChromeDriver: chrome on WINDOWS (6045ea7e9d98b23070d2cd452e1819fe)] -> id: zip]Text value entered17036]]>
    </line>
    <line>
      <![CDATA[[[ChromeDriver: chrome on WINDOWS (6045ea7e9d98b23070d2cd452e1819fe)] -> id: loginContinue]Clicked]]>
    </line>
    <line>
      <![CDATA[[[ChromeDriver: chrome on WINDOWS (7db1a2eb29bd346b74bfd03abd678f41)] -> xpath: (//span[normalize-space(text())='Sign in'])[1]]Clicked]]>
    </line>
    <line>
      <![CDATA[[[ChromeDriver: chrome on WINDOWS (7db1a2eb29bd346b74bfd03abd678f41)] -> xpath: //a[@id='gnav20-sign-id-list-item-3' and @class='gnav20-dropdown-list-item']]Clicked]]>
    </line>
    <line>
      <![CDATA[Proxy element for: DefaultElementLocator 'By.xpath: //button[@class='btn-lg btn-common btn-black']'Clicked]]>
    </line>
    <line>
      <![CDATA[Actual value :Verify your Identity expected value is Verify your Identity]]>
    </line>
    <line>
      <![CDATA[emailhas been selected  for the element[[ChromeDriver: chrome on WINDOWS (7db1a2eb29bd346b74bfd03abd678f41)] -> xpath: //select[@id='authType']]]]>
    </line>
    <line>
      <![CDATA[[[ChromeDriver: chrome on WINDOWS (7db1a2eb29bd346b74bfd03abd678f41)] -> id: email]Text value enteredaer15@psu.edu]]>
    </line>
    <line>
      <![CDATA[[[ChromeDriver: chrome on WINDOWS (7db1a2eb29bd346b74bfd03abd678f41)] -> id: zip]Text value entered17057]]>
    </line>
    <line>
      <![CDATA[[[ChromeDriver: chrome on WINDOWS (7db1a2eb29bd346b74bfd03abd678f41)] -> id: loginContinue]Clicked]]>
    </line>
  </reporter-output>
  <suite name="SmokeSuite" duration-ms="75861" started-at="2022-02-14T22:29:07Z" finished-at="2022-02-14T22:30:23Z">
    <groups>
    </groups>
    <test name="SmokeTest" duration-ms="75861" started-at="2022-02-14T22:29:07Z" finished-at="2022-02-14T22:30:23Z">
      <class name="com.qa.verizon.signin.SignInTestClass">
        <test-method status="PASS" signature="beforeEachTest(java.lang.reflect.Method, [Ljava.lang.Object;)[pri:0, instance:com.qa.verizon.signin.SignInTestClass@6e0dec4a]" name="beforeEachTest" is-config="true" duration-ms="1" started-at="2022-02-14T22:29:35Z" finished-at="2022-02-14T22:29:35Z">
          <params>
            <param index="0">
              <value>
                <![CDATA[public void com.qa.verizon.signin.SignInTestClass.signInTestWithDataProvider(verizon.qa.data.SignInDataClass)]]>
              </value>
            </param>
            <param index="1">
              <value>
                <![CDATA[[Ljava.lang.Object;@3c770db4]]>
              </value>
            </param>
          </params>
          <reporter-output>
          </reporter-output>
        </test-method> <!-- beforeEachTest -->
        <test-method status="PASS" signature="setUp()[pri:0, instance:com.qa.verizon.signin.SignInTestClass@6e0dec4a]" name="setUp" is-config="true" duration-ms="8413" started-at="2022-02-14T22:29:35Z" finished-at="2022-02-14T22:29:44Z">
          <reporter-output>
          </reporter-output>
        </test-method> <!-- setUp -->
        <test-method status="PASS" signature="signInTestWithDataProvider(verizon.qa.data.SignInDataClass)[pri:0, instance:com.qa.verizon.signin.SignInTestClass@6e0dec4a]" name="signInTestWithDataProvider" duration-ms="14725" started-at="2022-02-14T22:29:44Z" data-provider="signData" finished-at="2022-02-14T22:29:58Z">
          <params>
            <param index="0">
              <value>
                <![CDATA[verizon.qa.data.SignInDataClass@c6da8bb]]>
              </value>
            </param>
          </params>
          <reporter-output>
            <line>
              <![CDATA[[[ChromeDriver: chrome on WINDOWS (6045ea7e9d98b23070d2cd452e1819fe)] -> xpath: (//span[normalize-space(text())='Sign in'])[1]]Clicked]]>
            </line>
            <line>
              <![CDATA[[[ChromeDriver: chrome on WINDOWS (6045ea7e9d98b23070d2cd452e1819fe)] -> xpath: //a[@id='gnav20-sign-id-list-item-3' and @class='gnav20-dropdown-list-item']]Clicked]]>
            </line>
            <line>
              <![CDATA[Proxy element for: DefaultElementLocator 'By.xpath: //button[@class='btn-lg btn-common btn-black']'Clicked]]>
            </line>
            <line>
              <![CDATA[Actual value :Verify your Identity expected value is Verify your Identity]]>
            </line>
            <line>
              <![CDATA[emailhas been selected  for the element[[ChromeDriver: chrome on WINDOWS (6045ea7e9d98b23070d2cd452e1819fe)] -> xpath: //select[@id='authType']]]]>
            </line>
            <line>
              <![CDATA[[[ChromeDriver: chrome on WINDOWS (6045ea7e9d98b23070d2cd452e1819fe)] -> id: email]Text value enteredkamrunnaharkanta@gmail]]>
            </line>
            <line>
              <![CDATA[[[ChromeDriver: chrome on WINDOWS (6045ea7e9d98b23070d2cd452e1819fe)] -> id: zip]Text value entered17036]]>
            </line>
            <line>
              <![CDATA[[[ChromeDriver: chrome on WINDOWS (6045ea7e9d98b23070d2cd452e1819fe)] -> id: loginContinue]Clicked]]>
            </line>
          </reporter-output>
        </test-method> <!-- signInTestWithDataProvider -->
        <test-method status="PASS" signature="afterEachTest(org.testng.ITestResult)[pri:0, instance:com.qa.verizon.signin.SignInTestClass@6e0dec4a]" name="afterEachTest" is-config="true" duration-ms="0" started-at="2022-02-14T22:29:58Z" finished-at="2022-02-14T22:29:58Z">
          <params>
            <param index="0">
              <value>
                <![CDATA[[TestResult name=signInTestWithDataProvider status=SUCCESS method=SignInTestClass.signInTestWithDataProvider(verizon.qa.data.SignInDataClass)[pri:0, instance:com.qa.verizon.signin.SignInTestClass@6e0dec4a] output=[[ChromeDriver: chrome on WINDOWS (6045ea7e9d98b23070d2cd452e1819fe)] -> xpath: (//span[normalize-space(text())='Sign in'])[1]]Clicked]]]>
              </value>
            </param>
          </params>
          <reporter-output>
          </reporter-output>
        </test-method> <!-- afterEachTest -->
        <test-method status="PASS" signature="quittingBrowser()[pri:0, instance:com.qa.verizon.signin.SignInTestClass@6e0dec4a]" name="quittingBrowser" is-config="true" duration-ms="796" started-at="2022-02-14T22:29:58Z" finished-at="2022-02-14T22:29:59Z">
          <reporter-output>
          </reporter-output>
        </test-method> <!-- quittingBrowser -->
        <test-method status="PASS" signature="beforeEachTest(java.lang.reflect.Method, [Ljava.lang.Object;)[pri:0, instance:com.qa.verizon.signin.SignInTestClass@6e0dec4a]" name="beforeEachTest" is-config="true" duration-ms="2" started-at="2022-02-14T22:29:59Z" finished-at="2022-02-14T22:29:59Z">
          <params>
            <param index="0">
              <value>
                <![CDATA[public void com.qa.verizon.signin.SignInTestClass.signInTestWithDataProvider(verizon.qa.data.SignInDataClass)]]>
              </value>
            </param>
            <param index="1">
              <value>
                <![CDATA[[Ljava.lang.Object;@3e046e39]]>
              </value>
            </param>
          </params>
          <reporter-output>
          </reporter-output>
        </test-method> <!-- beforeEachTest -->
        <test-method status="PASS" signature="setUp()[pri:0, instance:com.qa.verizon.signin.SignInTestClass@6e0dec4a]" name="setUp" is-config="true" duration-ms="7618" started-at="2022-02-14T22:29:59Z" finished-at="2022-02-14T22:30:07Z">
          <reporter-output>
          </reporter-output>
        </test-method> <!-- setUp -->
        <test-method status="PASS" signature="signInTestWithDataProvider(verizon.qa.data.SignInDataClass)[pri:0, instance:com.qa.verizon.signin.SignInTestClass@6e0dec4a]" name="signInTestWithDataProvider" duration-ms="14418" started-at="2022-02-14T22:30:07Z" data-provider="signData" finished-at="2022-02-14T22:30:21Z">
          <params>
            <param index="0">
              <value>
                <![CDATA[verizon.qa.data.SignInDataClass@546e61d5]]>
              </value>
            </param>
          </params>
          <reporter-output>
            <line>
              <![CDATA[[[ChromeDriver: chrome on WINDOWS (7db1a2eb29bd346b74bfd03abd678f41)] -> xpath: (//span[normalize-space(text())='Sign in'])[1]]Clicked]]>
            </line>
            <line>
              <![CDATA[[[ChromeDriver: chrome on WINDOWS (7db1a2eb29bd346b74bfd03abd678f41)] -> xpath: //a[@id='gnav20-sign-id-list-item-3' and @class='gnav20-dropdown-list-item']]Clicked]]>
            </line>
            <line>
              <![CDATA[Proxy element for: DefaultElementLocator 'By.xpath: //button[@class='btn-lg btn-common btn-black']'Clicked]]>
            </line>
            <line>
              <![CDATA[Actual value :Verify your Identity expected value is Verify your Identity]]>
            </line>
            <line>
              <![CDATA[emailhas been selected  for the element[[ChromeDriver: chrome on WINDOWS (7db1a2eb29bd346b74bfd03abd678f41)] -> xpath: //select[@id='authType']]]]>
            </line>
            <line>
              <![CDATA[[[ChromeDriver: chrome on WINDOWS (7db1a2eb29bd346b74bfd03abd678f41)] -> id: email]Text value enteredaer15@psu.edu]]>
            </line>
            <line>
              <![CDATA[[[ChromeDriver: chrome on WINDOWS (7db1a2eb29bd346b74bfd03abd678f41)] -> id: zip]Text value entered17057]]>
            </line>
            <line>
              <![CDATA[[[ChromeDriver: chrome on WINDOWS (7db1a2eb29bd346b74bfd03abd678f41)] -> id: loginContinue]Clicked]]>
            </line>
          </reporter-output>
        </test-method> <!-- signInTestWithDataProvider -->
        <test-method status="PASS" signature="quittingBrowser()[pri:0, instance:com.qa.verizon.signin.SignInTestClass@6e0dec4a]" name="quittingBrowser" is-config="true" duration-ms="783" started-at="2022-02-14T22:30:21Z" finished-at="2022-02-14T22:30:22Z">
          <reporter-output>
          </reporter-output>
        </test-method> <!-- quittingBrowser -->
        <test-method status="PASS" signature="afterEachTest(org.testng.ITestResult)[pri:0, instance:com.qa.verizon.signin.SignInTestClass@6e0dec4a]" name="afterEachTest" is-config="true" duration-ms="0" started-at="2022-02-14T22:30:21Z" finished-at="2022-02-14T22:30:21Z">
          <params>
            <param index="0">
              <value>
                <![CDATA[[TestResult name=signInTestWithDataProvider status=SUCCESS method=SignInTestClass.signInTestWithDataProvider(verizon.qa.data.SignInDataClass)[pri:0, instance:com.qa.verizon.signin.SignInTestClass@6e0dec4a] output=[[ChromeDriver: chrome on WINDOWS (7db1a2eb29bd346b74bfd03abd678f41)] -> xpath: (//span[normalize-space(text())='Sign in'])[1]]Clicked]]]>
              </value>
            </param>
          </params>
          <reporter-output>
          </reporter-output>
        </test-method> <!-- afterEachTest -->
        <test-method status="SKIP" signature="signInTestWithExcel(java.lang.String, java.lang.String, java.lang.String)[pri:0, instance:com.qa.verizon.signin.SignInTestClass@6e0dec4a]" name="signInTestWithExcel" duration-ms="0" started-at="2022-02-14T22:30:23Z" data-provider="signDataExcel" finished-at="2022-02-14T22:30:23Z">
          <exception class="java.lang.RuntimeException">
            <message>
              <![CDATA[java.lang.IllegalArgumentException: Sheet index (1) is out of range (0..0)]]>
            </message>
            <full-stacktrace>
              <![CDATA[java.lang.RuntimeException: java.lang.IllegalArgumentException: Sheet index (1) is out of range (0..0)
at org.testng.internal.MethodInvocationHelper.invokeMethodNoCheckedException(MethodInvocationHelper.java:49)
at org.testng.internal.MethodInvocationHelper.invokeDataProvider(MethodInvocationHelper.java:131)
at org.testng.internal.Parameters.handleParameters(Parameters.java:706)
at org.testng.internal.ParameterHandler.handleParameters(ParameterHandler.java:49)
at org.testng.internal.ParameterHandler.createParameters(ParameterHandler.java:37)
at org.testng.internal.Invoker.invokeTestMethods(Invoker.java:924)
at org.testng.internal.TestMethodWorker.invokeTestMethods(TestMethodWorker.java:125)
at org.testng.internal.TestMethodWorker.run(TestMethodWorker.java:109)
at org.testng.TestRunner.privateRun(TestRunner.java:648)
at org.testng.TestRunner.run(TestRunner.java:505)
at org.testng.SuiteRunner.runTest(SuiteRunner.java:455)
at org.testng.SuiteRunner.runSequentially(SuiteRunner.java:450)
at org.testng.SuiteRunner.privateRun(SuiteRunner.java:415)
at org.testng.SuiteRunner.run(SuiteRunner.java:364)
at org.testng.SuiteRunnerWorker.runSuite(SuiteRunnerWorker.java:52)
at org.testng.SuiteRunnerWorker.run(SuiteRunnerWorker.java:84)
at org.testng.TestNG.runSuitesSequentially(TestNG.java:1208)
at org.testng.TestNG.runSuitesLocally(TestNG.java:1137)
at org.testng.TestNG.runSuites(TestNG.java:1049)
at org.testng.TestNG.run(TestNG.java:1017)
at org.testng.remote.AbstractRemoteTestNG.run(AbstractRemoteTestNG.java:115)
at org.testng.remote.RemoteTestNG.initAndRun(RemoteTestNG.java:251)
at org.testng.remote.RemoteTestNG.main(RemoteTestNG.java:77)
Caused by: java.lang.IllegalArgumentException: Sheet index (1) is out of range (0..0)
at org.apache.poi.xssf.usermodel.XSSFWorkbook.validateSheetIndex(XSSFWorkbook.java:1421)
at org.apache.poi.xssf.usermodel.XSSFWorkbook.getSheetAt(XSSFWorkbook.java:1137)
at org.apache.poi.xssf.usermodel.XSSFWorkbook.getSheetAt(XSSFWorkbook.java:122)
at verizon.qa.utilities.ExcelReader.<init>(ExcelReader.java:41)
at com.qa.verizon.signin.SignInTestClass.getSignDataExcel(SignInTestClass.java:28)
at sun.reflect.NativeMethodAccessorImpl.invoke0(Native Method)
at sun.reflect.NativeMethodAccessorImpl.invoke(NativeMethodAccessorImpl.java:62)
at sun.reflect.DelegatingMethodAccessorImpl.invoke(DelegatingMethodAccessorImpl.java:43)
at java.lang.reflect.Method.invoke(Method.java:498)
at org.testng.internal.MethodInvocationHelper.invokeMethod(MethodInvocationHelper.java:124)
at org.testng.internal.MethodInvocationHelper.invokeMethod(MethodInvocationHelper.java:74)
at org.testng.internal.MethodInvocationHelper.invokeMethodNoCheckedException(MethodInvocationHelper.java:45)
... 22 more
]]>
            </full-stacktrace>
          </exception> <!-- java.lang.RuntimeException -->
          <reporter-output>
          </reporter-output>
        </test-method> <!-- signInTestWithExcel -->
      </class> <!-- com.qa.verizon.signin.SignInTestClass -->
      <class name="com.qa.verizon.shop.ShopTest">
        <test-method status="PASS" signature="initiatingExtentReports()[pri:0, instance:com.qa.verizon.shop.ShopTest@56528192]" name="initiatingExtentReports" is-config="true" duration-ms="288" started-at="2022-02-14T22:29:06Z" finished-at="2022-02-14T22:29:07Z">
          <reporter-output>
          </reporter-output>
        </test-method> <!-- initiatingExtentReports -->
        <test-method status="PASS" signature="beforeEachTest(java.lang.reflect.Method, [Ljava.lang.Object;)[pri:0, instance:com.qa.verizon.shop.ShopTest@56528192]" name="beforeEachTest" is-config="true" duration-ms="14" started-at="2022-02-14T22:29:07Z" finished-at="2022-02-14T22:29:07Z">
          <params>
            <param index="0">
              <value>
                <![CDATA[public void com.qa.verizon.shop.ShopTest.shopTest()]]>
              </value>
            </param>
            <param index="1">
              <value>
                <![CDATA[[Ljava.lang.Object;@59c500f7]]>
              </value>
            </param>
          </params>
          <reporter-output>
          </reporter-output>
        </test-method> <!-- beforeEachTest -->
        <test-method status="PASS" signature="setUp()[pri:0, instance:com.qa.verizon.shop.ShopTest@56528192]" name="setUp" is-config="true" duration-ms="9791" started-at="2022-02-14T22:29:07Z" finished-at="2022-02-14T22:29:17Z">
          <reporter-output>
          </reporter-output>
        </test-method> <!-- setUp -->
        <test-method status="PASS" signature="shopTest()[pri:0, instance:com.qa.verizon.shop.ShopTest@56528192]" name="shopTest" duration-ms="17599" started-at="2022-02-14T22:29:17Z" finished-at="2022-02-14T22:29:34Z">
          <reporter-output>
            <line>
              <![CDATA[[[ChromeDriver: chrome on WINDOWS (74da950ab3e879b7b16ccf59e64d0ca4)] -> xpath: //button[@id='gnav20-Shop-L1' and @class='gnav20-menu-label gnav20-menu-label-button gnav20-haschild']]Clicked]]>
            </line>
            <line>
              <![CDATA[[[ChromeDriver: chrome on WINDOWS (74da950ab3e879b7b16ccf59e64d0ca4)] -> xpath: //a[@id='gnav20-Shop-L2-2']//parent::li]Clicked]]>
            </line>
            <line>
              <![CDATA[[[ChromeDriver: chrome on WINDOWS (74da950ab3e879b7b16ccf59e64d0ca4)] -> id: gnav20-Shop-L3-38]Clicked]]>
            </line>
            <line>
              <![CDATA[[[ChromeDriver: chrome on WINDOWS (74da950ab3e879b7b16ccf59e64d0ca4)] -> xpath: (//span[contains( .,'Apple')])[3]]Clicked]]>
            </line>
            <line>
              <![CDATA[Scrolling down to  0 to 250 pixel )]]>
            </line>
            <line>
              <![CDATA[Scrolling up to 250 to 0 pixel]]>
            </line>
            <line>
              <![CDATA[Scrolling down to  0 to 250 pixel )]]>
            </line>
            <line>
              <![CDATA[Proxy element for: DefaultElementLocator 'By.xpath: //span[contains(.,'Apple iPhone 8 Plus (Certified Pre-Owned)')]'Clicked]]>
            </line>
          </reporter-output>
        </test-method> <!-- shopTest -->
        <test-method status="PASS" signature="afterEachTest(org.testng.ITestResult)[pri:0, instance:com.qa.verizon.shop.ShopTest@56528192]" name="afterEachTest" is-config="true" duration-ms="5" started-at="2022-02-14T22:29:34Z" finished-at="2022-02-14T22:29:34Z">
          <params>
            <param index="0">
              <value>
                <![CDATA[[TestResult name=shopTest status=SUCCESS method=ShopTest.shopTest()[pri:0, instance:com.qa.verizon.shop.ShopTest@56528192] output=[[ChromeDriver: chrome on WINDOWS (74da950ab3e879b7b16ccf59e64d0ca4)] -> xpath: //button[@id='gnav20-Shop-L1' and @class='gnav20-menu-label gnav20-menu-label-button gnav20-haschild']]Clicked]]]>
              </value>
            </param>
          </params>
          <reporter-output>
          </reporter-output>
        </test-method> <!-- afterEachTest -->
        <test-method status="PASS" signature="quittingBrowser()[pri:0, instance:com.qa.verizon.shop.ShopTest@56528192]" name="quittingBrowser" is-config="true" duration-ms="1177" started-at="2022-02-14T22:29:34Z" finished-at="2022-02-14T22:29:35Z">
          <reporter-output>
          </reporter-output>
        </test-method> <!-- quittingBrowser -->
        <test-method status="PASS" signature="endReport()[pri:0, instance:com.qa.verizon.shop.ShopTest@56528192]" name="endReport" is-config="true" duration-ms="277" started-at="2022-02-14T22:30:23Z" finished-at="2022-02-14T22:30:23Z">
          <reporter-output>
          </reporter-output>
        </test-method> <!-- endReport -->
      </class> <!-- com.qa.verizon.shop.ShopTest -->
    </test> <!-- SmokeTest -->
  </suite> <!-- SmokeSuite -->
</testng-results>
